<?xml version="1.0" encoding="UTF-8"?>
<!-- Generated by org.testng.reporters.JUnitReportReporter -->
<testsuite hostname="AMAC17KC7EHDNCR" name="com.pack.one.TestA" tests="2" failures="0" timestamp="7 Apr 2015 09:32:58 GMT" time="74.141" errors="0">
  <testcase name="testOne" time="74.140" classname="com.pack.one.TestA"/>
  <testcase name="testTwo" time="0.001" classname="com.pack.one.TestA"/>
</testsuite> <!-- com.pack.one.TestA -->
